<?xml version="1.0" encoding="UTF-8"?>
<testsuite name="easy.TwoNumberSumTest" tests="3" skipped="0" failures="0" errors="0" timestamp="2024-09-30T16:04:20" hostname="Hekate" time="0.116">
  <properties/>
  <testcase name="testSolutionThree()" classname="easy.TwoNumberSumTest" time="0.103"/>
  <testcase name="testSolutionOne()" classname="easy.TwoNumberSumTest" time="0.002"/>
  <testcase name="testSolutionTwo()" classname="easy.TwoNumberSumTest" time="0.003"/>
  <system-out><![CDATA[]]></system-out>
  <system-err><![CDATA[]]></system-err>
</testsuite>
